<?xml version="1.0" encoding="UTF-8"?>
<testsuite xmlns:xsi="http://www.w3.org/2001/XMLSchema-instance" xsi:noNamespaceSchemaLocation="https://maven.apache.org/surefire/maven-surefire-plugin/xsd/surefire-test-report.xsd" name="de.slothsoft.mp3tagger.testplan.OtherTest" time="0.115" tests="1" errors="0" skipped="0" failures="0">
  <properties>
    <property name="awt.toolkit" value="sun.awt.windows.WToolkit"/>
    <property name="java.specification.version" value="1.8"/>
    <property name="sun.cpu.isalist" value="amd64"/>
    <property name="sun.jnu.encoding" value="Cp1252"/>
    <property name="osgi.nl" value="en"/>
    <property name="osgi.syspath" value="c:\Users\Steffi\.m2\repository\p2\osgi\bundle\org.eclipse.osgi\3.13.200.v20181130-2106"/>
    <property name="sun.arch.data.model" value="64"/>
    <property name="equinox.init.uuid" value="true"/>
    <property name="ds.delayed.keepInstances.default" value="true"/>
    <property name="java.vendor.url" value="http://java.oracle.com/"/>
    <property name="org.osgi.framework.system.capabilities" value="osgi.ee; osgi.ee=&quot;OSGi/Minimum&quot;; version:List&lt;Version&gt;=&quot;1.0, 1.1, 1.2&quot;,osgi.ee; osgi.ee=&quot;JRE&quot;; version:List&lt;Version&gt;=&quot;1.0, 1.1&quot;,osgi.ee; osgi.ee=&quot;JavaSE&quot;; version:List&lt;Version&gt;=&quot;1.0, 1.1, 1.2, 1.3, 1.4, 1.5, 1.6, 1.7, 1.8&quot;,osgi.ee; osgi.ee=&quot;JavaSE/compact1&quot;; version:List&lt;Version&gt;=&quot;1.8&quot;,osgi.ee; osgi.ee=&quot;JavaSE/compact2&quot;; version:List&lt;Version&gt;=&quot;1.8&quot;,osgi.ee; osgi.ee=&quot;JavaSE/compact3&quot;; version:List&lt;Version&gt;=&quot;1.8&quot;"/>
    <property name="osgi.nl.user" value="en"/>
    <property name="sun.boot.library.path" value="C:\Program Files\Java\jdk1.8.0_161\jre\bin"/>
    <property name="sun.java.command" value="C:\Users\Steffi\.m2\repository\p2\osgi\bundle\org.eclipse.equinox.launcher\1.5.200.v20180922-1751\org.eclipse.equinox.launcher-1.5.200.v20180922-1751.jar -data S:\Development\git\mp3-tagger\de.slothsoft.mp3tagger.testplan\target\work\data -install S:\Development\git\mp3-tagger\de.slothsoft.mp3tagger.testplan\target\work -configuration S:\Development\git\mp3-tagger\de.slothsoft.mp3tagger.testplan\target\work\configuration -application org.eclipse.tycho.surefire.osgibooter.uitest -testproperties S:\Development\git\mp3-tagger\de.slothsoft.mp3tagger.testplan\target\surefire.properties -testApplication de.slothsoft.mp3tagger.application -nouithread -nl en -swtBot"/>
    <property name="org.osgi.supports.framework.requirebundle" value="true"/>
    <property name="osgi.arch" value="x86_64"/>
    <property name="org.osgi.framework.system.packages" value="java.applet,java.awt,java.awt.color,java.awt.datatransfer,java.awt.dnd,java.awt.event,java.awt.font,java.awt.geom,java.awt.im,java.awt.im.spi,java.awt.image,java.awt.image.renderable,java.awt.print,java.beans,java.beans.beancontext,java.io,java.lang,java.lang.annotation,java.lang.instrument,java.lang.invoke,java.lang.management,java.lang.ref,java.lang.reflect,java.math,java.net,java.nio,java.nio.channels,java.nio.channels.spi,java.nio.charset,java.nio.charset.spi,java.nio.file,java.nio.file.attribute,java.nio.file.spi,java.rmi,java.rmi.activation,java.rmi.dgc,java.rmi.registry,java.rmi.server,java.security,java.security.acl,java.security.cert,java.security.interfaces,java.security.spec,java.sql,java.text,java.text.spi,java.time,java.time.chrono,java.time.format,java.time.temporal,java.time.zone,java.util,java.util.concurrent,java.util.concurrent.atomic,java.util.concurrent.locks,java.util.function,java.util.jar,java.util.logging,java.util.prefs,java.util.regex,java.util.spi,java.util.stream,java.util.zip,javax.accessibility,javax.activation,javax.activity,javax.annotation,javax.annotation.processing,javax.crypto,javax.crypto.interfaces,javax.crypto.spec,javax.imageio,javax.imageio.event,javax.imageio.metadata,javax.imageio.plugins.bmp,javax.imageio.plugins.jpeg,javax.imageio.spi,javax.imageio.stream,javax.jws,javax.jws.soap,javax.lang.model,javax.lang.model.element,javax.lang.model.type,javax.lang.model.util,javax.management,javax.management.loading,javax.management.modelmbean,javax.management.monitor,javax.management.openmbean,javax.management.relation,javax.management.remote,javax.management.remote.rmi,javax.management.timer,javax.naming,javax.naming.directory,javax.naming.event,javax.naming.ldap,javax.naming.spi,javax.net,javax.net.ssl,javax.print,javax.print.attribute,javax.print.attribute.standard,javax.print.event,javax.rmi,javax.rmi.CORBA,javax.rmi.ssl,javax.script,javax.security.auth,javax.security.auth.callback,javax.security.auth.kerberos,javax.security.auth.login,javax.security.auth.spi,javax.security.auth.x500,javax.security.cert,javax.security.sasl,javax.sound.midi,javax.sound.midi.spi,javax.sound.sampled,javax.sound.sampled.spi,javax.sql,javax.sql.rowset,javax.sql.rowset.serial,javax.sql.rowset.spi,javax.swing,javax.swing.border,javax.swing.colorchooser,javax.swing.event,javax.swing.filechooser,javax.swing.plaf,javax.swing.plaf.basic,javax.swing.plaf.metal,javax.swing.plaf.multi,javax.swing.plaf.nimbus,javax.swing.plaf.synth,javax.swing.table,javax.swing.text,javax.swing.text.html,javax.swing.text.html.parser,javax.swing.text.rtf,javax.swing.tree,javax.swing.undo,javax.tools,javax.transaction,javax.transaction.xa,javax.xml,javax.xml.bind,javax.xml.bind.annotation,javax.xml.bind.annotation.adapters,javax.xml.bind.attachment,javax.xml.bind.helpers,javax.xml.bind.util,javax.xml.crypto,javax.xml.crypto.dom,javax.xml.crypto.dsig,javax.xml.crypto.dsig.dom,javax.xml.crypto.dsig.keyinfo,javax.xml.crypto.dsig.spec,javax.xml.datatype,javax.xml.namespace,javax.xml.parsers,javax.xml.soap,javax.xml.stream,javax.xml.stream.events,javax.xml.stream.util,javax.xml.transform,javax.xml.transform.dom,javax.xml.transform.sax,javax.xml.transform.stax,javax.xml.transform.stream,javax.xml.validation,javax.xml.ws,javax.xml.ws.handler,javax.xml.ws.handler.soap,javax.xml.ws.http,javax.xml.ws.soap,javax.xml.ws.spi,javax.xml.ws.spi.http,javax.xml.ws.wsaddressing,javax.xml.xpath,org.ietf.jgss,org.omg.CORBA,org.omg.CORBA_2_3,org.omg.CORBA_2_3.portable,org.omg.CORBA.DynAnyPackage,org.omg.CORBA.ORBPackage,org.omg.CORBA.portable,org.omg.CORBA.TypeCodePackage,org.omg.CosNaming,org.omg.CosNaming.NamingContextExtPackage,org.omg.CosNaming.NamingContextPackage,org.omg.Dynamic,org.omg.DynamicAny,org.omg.DynamicAny.DynAnyFactoryPackage,org.omg.DynamicAny.DynAnyPackage,org.omg.IOP,org.omg.IOP.CodecFactoryPackage,org.omg.IOP.CodecPackage,org.omg.Messaging,org.omg.PortableInterceptor,org.omg.PortableInterceptor.ORBInitInfoPackage,org.omg.PortableServer,org.omg.PortableServer.CurrentPackage,org.omg.PortableServer.POAManagerPackage,org.omg.PortableServer.POAPackage,org.omg.PortableServer.portable,org.omg.PortableServer.ServantLocatorPackage,org.omg.SendingContext,org.omg.stub.java.rmi,org.w3c.dom,org.w3c.dom.bootstrap,org.w3c.dom.css,org.w3c.dom.events,org.w3c.dom.html,org.w3c.dom.ls,org.w3c.dom.ranges,org.w3c.dom.stylesheets,org.w3c.dom.traversal,org.w3c.dom.views,org.w3c.dom.xpath,org.xml.sax,org.xml.sax.ext,org.xml.sax.helpers"/>
    <property name="org.osgi.framework.language" value="de"/>
    <property name="java.specification.vendor" value="Oracle Corporation"/>
    <property name="eclipse.application" value="org.eclipse.tycho.surefire.osgibooter.uitest"/>
    <property name="gosh.args" value="--nointeractive"/>
    <property name="java.home" value="C:\Program Files\Java\jdk1.8.0_161\jre"/>
    <property name="file.separator" value="\"/>
    <property name="osgi.noShutdown" value="false"/>
    <property name="line.separator" value="&#10;"/>
    <property name="org.osgi.framework.executionenvironment" value="OSGi/Minimum-1.0,OSGi/Minimum-1.1,OSGi/Minimum-1.2,JavaSE/compact1-1.8,JavaSE/compact2-1.8,JavaSE/compact3-1.8,JRE-1.1,J2SE-1.2,J2SE-1.3,J2SE-1.4,J2SE-1.5,JavaSE-1.6,JavaSE-1.7,JavaSE-1.8"/>
    <property name="java.vm.specification.vendor" value="Oracle Corporation"/>
    <property name="osgi.compatibility.bootdelegation.default" value="true"/>
    <property name="java.specification.name" value="Java Platform API Specification"/>
    <property name="sun.boot.class.path" value="C:\Program Files\Java\jdk1.8.0_161\jre\lib\resources.jar;C:\Program Files\Java\jdk1.8.0_161\jre\lib\rt.jar;C:\Program Files\Java\jdk1.8.0_161\jre\lib\sunrsasign.jar;C:\Program Files\Java\jdk1.8.0_161\jre\lib\jsse.jar;C:\Program Files\Java\jdk1.8.0_161\jre\lib\jce.jar;C:\Program Files\Java\jdk1.8.0_161\jre\lib\charsets.jar;C:\Program Files\Java\jdk1.8.0_161\jre\lib\jfr.jar;C:\Program Files\Java\jdk1.8.0_161\jre\classes"/>
    <property name="user.script" value=""/>
    <property name="sun.management.compiler" value="HotSpot 64-Bit Tiered Compilers"/>
    <property name="java.runtime.version" value="1.8.0_161-b12"/>
    <property name="org.eclipse.swt.internal.deviceZoom" value="100"/>
    <property name="user.name" value="Steffi"/>
    <property name="osgi.framework.useSystemProperties" value="true"/>
    <property name="org.osgi.framework.vendor" value="Eclipse"/>
    <property name="file.encoding" value="Cp1252"/>
    <property name="osgi.dev" value="file:/S:/Development/git/mp3-tagger/de.slothsoft.mp3tagger.testplan/target/work/dev.properties"/>
    <property name="java.io.tmpdir" value="C:\Users\Steffi\AppData\Local\Temp\"/>
    <property name="eclipse.home.location" value="file:/S:/Development/git/mp3-tagger/de.slothsoft.mp3tagger.testplan/target/work/"/>
    <property name="java.version" value="1.8.0_161"/>
    <property name="osgi.bundles.defaultStartLevel" value="4"/>
    <property name="java.vm.specification.name" value="Java Virtual Machine Specification"/>
    <property name="java.awt.printerjob" value="sun.awt.windows.WPrinterJob"/>
    <property name="sun.os.patch.level" value=""/>
    <property name="osgi.configuration.cascaded" value="false"/>
    <property name="java.library.path" value="C:\Program Files\Java\jdk1.8.0_161\jre\bin;C:\WINDOWS\Sun\Java\bin;C:\WINDOWS\system32;C:\WINDOWS;C:/Program Files/Java/jdk-11.0.2/bin/server;C:/Program Files/Java/jdk-11.0.2/bin;C:\Program Files (x86)\NVIDIA Corporation\PhysX\Common;C:\Program Files\Java\jdk-11.0.2\bin;C:\Windows\System32;C:\Windows;C:\Windows\System32\wbem;C:\Windows\System32\WindowsPowerShell\v1.0\;C:\Windows\System32\OpenSSH\;C:\Program Files (x86)\GtkSharp\2.12\bin;C:\Program Files\Git\cmd;C:\Program Files (x86)\GnuPG\bin;C:\WINDOWS\system32;C:\WINDOWS;C:\WINDOWS\System32\Wbem;C:\WINDOWS\System32\WindowsPowerShell\v1.0\;C:\WINDOWS\System32\OpenSSH\;C:\ProgramData\chocolatey\bin;C:\Program Files\nodejs\;C:\Users\Steffi\AppData\Local\Microsoft\WindowsApps;C:\Program Files (x86)\Maven\maven-3.6.0\bin\;S:\Development\PHP\php-5.4.0\;C:\Users\Steffi\AppData\Roaming\npm;S:\Development\Eclipse 2021-09 (RCP);;."/>
    <property name="java.vendor" value="Oracle Corporation"/>
    <property name="sun.io.unicode.encoding" value="UnicodeLittle"/>
    <property name="eclipse.stateSaveDelayInterval" value="30000"/>
    <property name="sun.desktop" value="windows"/>
    <property name="osgi.checkConfiguration" value="true"/>
    <property name="file.encoding.pkg" value="sun.io"/>
    <property name="org.osgi.framework.version" value="1.9.0"/>
    <property name="java.class.path" value="C:\Users\Steffi\.m2\repository\p2\osgi\bundle\org.eclipse.equinox.launcher\1.5.200.v20180922-1751\org.eclipse.equinox.launcher-1.5.200.v20180922-1751.jar;C:\\Users\\Steffi\\.m2\\repository\\org\\jacoco\\org.jacoco.agent\\0.8.3\\org.jacoco.agent-0.8.3-runtime.jar"/>
    <property name="osgi.bundlefile.limit" value="100"/>
    <property name="java.vm.vendor" value="Oracle Corporation"/>
    <property name="user.variant" value=""/>
    <property name="user.timezone" value="Europe/Berlin"/>
    <property name="org.osgi.framework.uuid" value="75fe1158-7362-4d47-9470-52be347e03f9"/>
    <property name="os.name" value="Windows 10"/>
    <property name="org.osgi.framework.processor" value="x86-64"/>
    <property name="java.vm.specification.version" value="1.8"/>
    <property name="sun.java.launcher" value="SUN_STANDARD"/>
    <property name="user.country" value="DE"/>
    <property name="sun.cpu.endian" value="little"/>
    <property name="osgi.logfile" value="S:\Development\git\mp3-tagger\de.slothsoft.mp3tagger.testplan\target\work\data\.metadata\.log"/>
    <property name="osgi.install.area" value="file:/S:/Development/git/mp3-tagger/de.slothsoft.mp3tagger.testplan/target/work/"/>
    <property name="user.home" value="C:\Users\Steffi"/>
    <property name="user.language" value="de"/>
    <property name="osgi.tracefile" value="S:\Development\git\mp3-tagger\de.slothsoft.mp3tagger.testplan\target\work\data\.metadata\trace.log"/>
    <property name="java.awt.graphicsenv" value="sun.awt.Win32GraphicsEnvironment"/>
    <property name="ds.delayed.keepInstances" value="true"/>
    <property name="eclipse.commands" value="-data&#10;S:\Development\git\mp3-tagger\de.slothsoft.mp3tagger.testplan\target\work\data&#10;-install&#10;S:\Development\git\mp3-tagger\de.slothsoft.mp3tagger.testplan\target\work&#10;-configuration&#10;S:\Development\git\mp3-tagger\de.slothsoft.mp3tagger.testplan\target\work\configuration&#10;-application&#10;org.eclipse.tycho.surefire.osgibooter.uitest&#10;-testproperties&#10;S:\Development\git\mp3-tagger\de.slothsoft.mp3tagger.testplan\target\surefire.properties&#10;-testApplication&#10;de.slothsoft.mp3tagger.application&#10;-nouithread&#10;-nl&#10;en&#10;-swtBot&#10;"/>
    <property name="path.separator" value=";"/>
    <property name="osgi.compatibility.bootdelegation" value="true"/>
    <property name="os.version" value="10.0"/>
    <property name="java.endorsed.dirs" value="C:\Program Files\Java\jdk1.8.0_161\jre\lib\endorsed"/>
    <property name="java.runtime.name" value="Java(TM) SE Runtime Environment"/>
    <property name="org.osgi.supports.framework.fragment" value="true"/>
    <property name="osgi.bundles" value="reference:file:C:/Users/Steffi/.m2/repository/p2/osgi/bundle/com.ibm.icu/63.1.0.v20181030-1705/com.ibm.icu-63.1.0.v20181030-1705.jar,reference:file:S:/Development/git/mp3-tagger/de.slothsoft.mp3tagger/target/de.slothsoft.mp3tagger-0.1.0-SNAPSHOT.jar,reference:file:C:/Users/Steffi/.m2/repository/p2/osgi/bundle/com.mpatric.mp3agic/0.9.1/com.mpatric.mp3agic-0.9.1.jar,reference:file:C:/Users/Steffi/.m2/repository/p2/osgi/bundle/org.eclipse.core.runtime/3.15.100.v20181107-1343/org.eclipse.core.runtime-3.15.100.v20181107-1343.jar@4:start,reference:file:C:/Users/Steffi/.m2/repository/p2/osgi/bundle/org.eclipse.ui/3.111.0.v20181117-0847/org.eclipse.ui-3.111.0.v20181117-0847.jar,reference:file:C:/Users/Steffi/.m2/repository/p2/osgi/bundle/org.eclipse.ui.forms/3.7.400.v20181123-1505/org.eclipse.ui.forms-3.7.400.v20181123-1505.jar,reference:file:S:/Development/git/mp3-tagger/de.slothsoft.mp3tagger.testplan,reference:file:C:/Users/Steffi/.m2/repository/p2/osgi/bundle/org.apache.log4j/1.2.15.v201012070815/org.apache.log4j-1.2.15.v201012070815.jar,reference:file:C:/Users/Steffi/.m2/repository/p2/osgi/bundle/org.eclipse.swtbot.swt.finder/2.8.0.201906121535/org.eclipse.swtbot.swt.finder-2.8.0.201906121535.jar,reference:file:C:/Users/Steffi/.m2/repository/p2/osgi/bundle/org.eclipse.swtbot.eclipse.finder/2.8.0.201906121535/org.eclipse.swtbot.eclipse.finder-2.8.0.201906121535.jar,reference:file:C:/Users/Steffi/.m2/repository/p2/osgi/bundle/org.junit/4.12.0.v201504281640/org.junit-4.12.0.v201504281640.jar,reference:file:C:/Users/Steffi/.m2/repository/p2/osgi/bundle/org.apache.batik.css/1.10.0.v20180703-1553/org.apache.batik.css-1.10.0.v20180703-1553.jar,reference:file:C:/Users/Steffi/.m2/repository/p2/osgi/bundle/org.apache.batik.util/1.10.0.v20180703-1553/org.apache.batik.util-1.10.0.v20180703-1553.jar,reference:file:C:/Users/Steffi/.m2/repository/p2/osgi/bundle/org.apache.batik.constants/1.10.0.v20180703-1553/org.apache.batik.constants-1.10.0.v20180703-1553.jar,reference:file:C:/Users/Steffi/.m2/repository/p2/osgi/bundle/org.apache.batik.i18n/1.10.0.v20180703-1553/org.apache.batik.i18n-1.10.0.v20180703-1553.jar,reference:file:C:/Users/Steffi/.m2/repository/p2/osgi/bundle/org.apache.xmlgraphics/2.2.0.v20180809-1640/org.apache.xmlgraphics-2.2.0.v20180809-1640.jar,reference:file:C:/Users/Steffi/.m2/repository/p2/osgi/bundle/org.w3c.dom.svg/1.1.0.v201011041433/org.w3c.dom.svg-1.1.0.v201011041433.jar,reference:file:C:/Users/Steffi/.m2/repository/p2/osgi/bundle/org.w3c.dom.events/3.0.0.draft20060413_v201105210656/org.w3c.dom.events-3.0.0.draft20060413_v201105210656.jar,reference:file:C:/Users/Steffi/.m2/repository/p2/osgi/bundle/org.w3c.css.sac/1.3.1.v200903091627/org.w3c.css.sac-1.3.1.v200903091627.jar,reference:file:C:/Users/Steffi/.m2/repository/p2/osgi/bundle/org.apache.commons.logging/1.2.0.v20180409-1502/org.apache.commons.logging-1.2.0.v20180409-1502.jar,reference:file:C:/Users/Steffi/.m2/repository/p2/osgi/bundle/org.apache.felix.scr/2.0.14.v20180822-1822/org.apache.felix.scr-2.0.14.v20180822-1822.jar@1:start,reference:file:C:/Users/Steffi/.m2/repository/p2/osgi/bundle/org.eclipse.osgi.services/3.7.100.v20180827-1536/org.eclipse.osgi.services-3.7.100.v20180827-1536.jar,reference:file:C:/Users/Steffi/.m2/repository/p2/osgi/bundle/org.eclipse.osgi.util/3.5.100.v20180827-1536/org.eclipse.osgi.util-3.5.100.v20180827-1536.jar,reference:file:C:/Users/Steffi/.m2/repository/p2/osgi/bundle/org.apache.commons.io/2.2.0.v201405211200/org.apache.commons.io-2.2.0.v201405211200.jar,reference:file:C:/Users/Steffi/.m2/repository/p2/osgi/bundle/org.eclipse.compare/3.7.400.v20181109-1335/org.eclipse.compare-3.7.400.v20181109-1335.jar,reference:file:C:/Users/Steffi/.m2/repository/p2/osgi/bundle/org.eclipse.core.resources/3.13.200.v20181121-1020/org.eclipse.core.resources-3.13.200.v20181121-1020.jar,reference:file:C:/Users/Steffi/.m2/repository/p2/osgi/bundle/org.eclipse.jface.text/3.15.0.v20181119-1708/org.eclipse.jface.text-3.15.0.v20181119-1708.jar,reference:file:C:/Users/Steffi/.m2/repository/p2/osgi/bundle/org.eclipse.ui.ide/3.14.200.v20181205-2143/org.eclipse.ui.ide-3.14.200.v20181205-2143.jar,reference:file:C:/Users/Steffi/.m2/repository/p2/osgi/bundle/org.eclipse.ui.views/3.9.200.v20180828-0837/org.eclipse.ui.views-3.9.200.v20180828-0837.jar,reference:file:C:/Users/Steffi/.m2/repository/p2/osgi/bundle/org.eclipse.ui.workbench.texteditor/3.11.200.v20181108-1458/org.eclipse.ui.workbench.texteditor-3.11.200.v20181108-1458.jar,reference:file:C:/Users/Steffi/.m2/repository/p2/osgi/bundle/org.eclipse.core.expressions/3.6.200.v20180817-1401/org.eclipse.core.expressions-3.6.200.v20180817-1401.jar,reference:file:C:/Users/Steffi/.m2/repository/p2/osgi/bundle/org.eclipse.ui.editors/3.11.300.v20180914-0606/org.eclipse.ui.editors-3.11.300.v20180914-0606.jar,reference:file:C:/Users/Steffi/.m2/repository/p2/osgi/bundle/org.eclipse.compare.core/3.6.300.v20180827-1041/org.eclipse.compare.core-3.6.300.v20180827-1041.jar,reference:file:C:/Users/Steffi/.m2/repository/p2/osgi/bundle/org.eclipse.core.commands/3.9.200.v20180827-1727/org.eclipse.core.commands-3.9.200.v20180827-1727.jar,reference:file:C:/Users/Steffi/.m2/repository/p2/osgi/bundle/org.eclipse.equinox.common/3.10.200.v20181021-1645/org.eclipse.equinox.common-3.10.200.v20181021-1645.jar@2:start,reference:file:C:/Users/Steffi/.m2/repository/p2/osgi/bundle/org.eclipse.core.contenttype/3.7.200.v20181107-1343/org.eclipse.core.contenttype-3.7.200.v20181107-1343.jar,reference:file:C:/Users/Steffi/.m2/repository/p2/osgi/bundle/org.eclipse.equinox.preferences/3.7.200.v20180827-1235/org.eclipse.equinox.preferences-3.7.200.v20180827-1235.jar,reference:file:C:/Users/Steffi/.m2/repository/p2/osgi/bundle/org.eclipse.equinox.registry/3.8.200.v20181008-1820/org.eclipse.equinox.registry-3.8.200.v20181008-1820.jar,reference:file:C:/Users/Steffi/.m2/repository/p2/osgi/bundle/org.eclipse.core.databinding/1.7.100.v20181030-1443/org.eclipse.core.databinding-1.7.100.v20181030-1443.jar,reference:file:C:/Users/Steffi/.m2/repository/p2/osgi/bundle/org.eclipse.core.databinding.observable/1.6.300.v20180827-2028/org.eclipse.core.databinding.observable-1.6.300.v20180827-2028.jar,reference:file:C:/Users/Steffi/.m2/repository/p2/osgi/bundle/org.eclipse.core.databinding.property/1.6.300.v20180827-2028/org.eclipse.core.databinding.property-1.6.300.v20180827-2028.jar,reference:file:C:/Users/Steffi/.m2/repository/p2/osgi/bundle/org.eclipse.core.filebuffers/3.6.400.v20181028-0633/org.eclipse.core.filebuffers-3.6.400.v20181028-0633.jar,reference:file:C:/Users/Steffi/.m2/repository/p2/osgi/bundle/org.eclipse.text/3.8.0.v20180923-1636/org.eclipse.text-3.8.0.v20180923-1636.jar,reference:file:C:/Users/Steffi/.m2/repository/p2/osgi/bundle/org.eclipse.core.filesystem/1.7.200.v20180828-0158/org.eclipse.core.filesystem-1.7.200.v20180828-0158.jar,reference:file:C:/Users/Steffi/.m2/repository/p2/osgi/bundle/org.eclipse.core.jobs/3.10.200.v20180912-1356/org.eclipse.core.jobs-3.10.200.v20180912-1356.jar,reference:file:C:/Users/Steffi/.m2/repository/p2/osgi/bundle/org.eclipse.core.net/1.3.400.v20181030-1645/org.eclipse.core.net-1.3.400.v20181030-1645.jar,reference:file:C:/Users/Steffi/.m2/repository/p2/osgi/bundle/org.eclipse.equinox.security/1.3.0.v20181115-0746/org.eclipse.equinox.security-1.3.0.v20181115-0746.jar,reference:file:C:/Users/Steffi/.m2/repository/p2/osgi/bundle/org.eclipse.equinox.app/1.4.0.v20181009-1752/org.eclipse.equinox.app-1.4.0.v20181009-1752.jar,reference:file:C:/Users/Steffi/.m2/repository/p2/osgi/bundle/org.eclipse.e4.core.commands/0.12.400.v20181119-1026/org.eclipse.e4.core.commands-0.12.400.v20181119-1026.jar,reference:file:C:/Users/Steffi/.m2/repository/p2/osgi/bundle/org.eclipse.e4.core.di/1.7.100.v20180817-1215/org.eclipse.e4.core.di-1.7.100.v20180817-1215.jar,reference:file:C:/Users/Steffi/.m2/repository/p2/osgi/bundle/javax.inject/1.0.0.v20091030/javax.inject-1.0.0.v20091030.jar,reference:file:C:/Users/Steffi/.m2/repository/p2/osgi/bundle/org.eclipse.e4.core.contexts/1.7.100.v20180817-1215/org.eclipse.e4.core.contexts-1.7.100.v20180817-1215.jar,reference:file:C:/Users/Steffi/.m2/repository/p2/osgi/bundle/org.eclipse.e4.core.services/2.1.300.v20180930-0910/org.eclipse.e4.core.services-2.1.300.v20180930-0910.jar,reference:file:C:/Users/Steffi/.m2/repository/p2/osgi/bundle/org.eclipse.e4.core.di.annotations/1.6.200.v20180817-1215/org.eclipse.e4.core.di.annotations-1.6.200.v20180817-1215.jar,reference:file:C:/Users/Steffi/.m2/repository/p2/osgi/bundle/org.eclipse.e4.core.di.extensions/0.15.200.v20180817-1215/org.eclipse.e4.core.di.extensions-0.15.200.v20180817-1215.jar,reference:file:C:/Users/Steffi/.m2/repository/p2/osgi/bundle/org.eclipse.e4.core.di.extensions.supplier/0.15.200.v20180817-1215/org.eclipse.e4.core.di.extensions.supplier-0.15.200.v20180817-1215.jar,reference:file:C:/Users/Steffi/.m2/repository/p2/osgi/bundle/org.eclipse.e4.emf.xpath/0.2.200.v20180828-0227/org.eclipse.e4.emf.xpath-0.2.200.v20180828-0227.jar,reference:file:C:/Users/Steffi/.m2/repository/p2/osgi/bundle/org.apache.commons.jxpath/1.3.0.v200911051830/org.apache.commons.jxpath-1.3.0.v200911051830.jar,reference:file:C:/Users/Steffi/.m2/repository/p2/osgi/bundle/org.eclipse.emf.ecore/2.16.0.v20181124-0637/org.eclipse.emf.ecore-2.16.0.v20181124-0637.jar,reference:file:C:/Users/Steffi/.m2/repository/p2/osgi/bundle/org.eclipse.e4.ui.bindings/0.12.300.v20180913-1535/org.eclipse.e4.ui.bindings-0.12.300.v20180913-1535.jar,reference:file:C:/Users/Steffi/.m2/repository/p2/osgi/bundle/org.eclipse.swt/3.109.0.v20181204-1801/org.eclipse.swt-3.109.0.v20181204-1801.jar,reference:file:C:/Users/Steffi/.m2/repository/p2/osgi/bundle/org.eclipse.jface/3.15.0.v20181123-1505/org.eclipse.jface-3.15.0.v20181123-1505.jar,reference:file:C:/Users/Steffi/.m2/repository/p2/osgi/bundle/org.eclipse.e4.ui.css.core/0.12.400.v20180917-1628/org.eclipse.e4.ui.css.core-0.12.400.v20180917-1628.jar,reference:file:C:/Users/Steffi/.m2/repository/p2/osgi/bundle/org.eclipse.e4.ui.css.swt/0.13.300.v20181030-1443/org.eclipse.e4.ui.css.swt-0.13.300.v20181030-1443.jar,reference:file:C:/Users/Steffi/.m2/repository/p2/osgi/bundle/org.eclipse.e4.ui.css.swt.theme/0.12.100.v20180828-0227/org.eclipse.e4.ui.css.swt.theme-0.12.100.v20180828-0227.jar,reference:file:C:/Users/Steffi/.m2/repository/p2/osgi/bundle/org.eclipse.e4.ui.di/1.2.400.v20180920-1522/org.eclipse.e4.ui.di-1.2.400.v20180920-1522.jar,reference:file:C:/Users/Steffi/.m2/repository/p2/osgi/bundle/org.eclipse.e4.ui.model.workbench/2.1.200.v20180920-1522/org.eclipse.e4.ui.model.workbench-2.1.200.v20180920-1522.jar,reference:file:C:/Users/Steffi/.m2/repository/p2/osgi/bundle/org.eclipse.e4.ui.services/1.3.300.v20180920-1522/org.eclipse.e4.ui.services-1.3.300.v20180920-1522.jar,reference:file:C:/Users/Steffi/.m2/repository/p2/osgi/bundle/org.eclipse.equinox.event/1.5.0.v20181008-1938/org.eclipse.equinox.event-1.5.0.v20181008-1938.jar,reference:file:C:/Users/Steffi/.m2/repository/p2/osgi/bundle/org.eclipse.e4.ui.widgets/1.2.300.v20180920-1522/org.eclipse.e4.ui.widgets-1.2.300.v20180920-1522.jar,reference:file:C:/Users/Steffi/.m2/repository/p2/osgi/bundle/org.eclipse.e4.ui.workbench/1.8.0.v20181119-1304/org.eclipse.e4.ui.workbench-1.8.0.v20181119-1304.jar,reference:file:C:/Users/Steffi/.m2/repository/p2/osgi/bundle/org.eclipse.emf.ecore.xmi/2.15.0.v20180706-1146/org.eclipse.emf.ecore.xmi-2.15.0.v20180706-1146.jar,reference:file:C:/Users/Steffi/.m2/repository/p2/osgi/bundle/org.eclipse.emf.ecore.change/2.13.0.v20180706-1146/org.eclipse.emf.ecore.change-2.13.0.v20180706-1146.jar,reference:file:C:/Users/Steffi/.m2/repository/p2/osgi/bundle/org.eclipse.e4.ui.workbench.addons.swt/1.3.300.v20181102-1042/org.eclipse.e4.ui.workbench.addons.swt-1.3.300.v20181102-1042.jar,reference:file:C:/Users/Steffi/.m2/repository/p2/osgi/bundle/org.eclipse.e4.ui.workbench.renderers.swt/0.14.400.v20181112-1716/org.eclipse.e4.ui.workbench.renderers.swt-0.14.400.v20181112-1716.jar,reference:file:C:/Users/Steffi/.m2/repository/p2/osgi/bundle/org.eclipse.e4.ui.workbench.swt/0.14.400.v20181022-1348/org.eclipse.e4.ui.workbench.swt-0.14.400.v20181022-1348.jar,reference:file:C:/Users/Steffi/.m2/repository/p2/osgi/bundle/org.eclipse.jface.databinding/1.8.400.v20181030-1443/org.eclipse.jface.databinding-1.8.400.v20181030-1443.jar,reference:file:C:/Users/Steffi/.m2/repository/p2/osgi/bundle/org.eclipse.e4.ui.workbench3/0.14.200.v20180828-0227/org.eclipse.e4.ui.workbench3-0.14.200.v20180828-0227.jar,reference:file:C:/Users/Steffi/.m2/repository/p2/osgi/bundle/org.eclipse.emf.common/2.15.0.v20180914-1817/org.eclipse.emf.common-2.15.0.v20180914-1817.jar,reference:file:C:/Users/Steffi/.m2/repository/p2/osgi/bundle/org.eclipse.equinox.bidi/1.1.200.v20180827-1235/org.eclipse.equinox.bidi-1.1.200.v20180827-1235.jar,reference:file:C:/Users/Steffi/.m2/repository/p2/osgi/bundle/org.eclipse.equinox.launcher/1.5.200.v20180922-1751/org.eclipse.equinox.launcher-1.5.200.v20180922-1751.jar,reference:file:C:/Users/Steffi/.m2/repository/p2/osgi/bundle/org.eclipse.equinox.p2.core/2.5.100.v20180822-1532/org.eclipse.equinox.p2.core-2.5.100.v20180822-1532.jar,reference:file:C:/Users/Steffi/.m2/repository/p2/osgi/bundle/org.eclipse.equinox.p2.engine/2.6.100.v20180822-1302/org.eclipse.equinox.p2.engine-2.6.100.v20180822-1302.jar,reference:file:C:/Users/Steffi/.m2/repository/p2/osgi/bundle/org.eclipse.equinox.p2.metadata/2.4.200.v20181102-0649/org.eclipse.equinox.p2.metadata-2.4.200.v20181102-0649.jar,reference:file:C:/Users/Steffi/.m2/repository/p2/osgi/bundle/org.eclipse.equinox.p2.metadata.repository/1.3.100.v20180822-1302/org.eclipse.equinox.p2.metadata.repository-1.3.100.v20180822-1302.jar,reference:file:C:/Users/Steffi/.m2/repository/p2/osgi/bundle/org.eclipse.equinox.p2.repository/2.4.200.v20181005-1131/org.eclipse.equinox.p2.repository-2.4.200.v20181005-1131.jar,reference:file:C:/Users/Steffi/.m2/repository/p2/osgi/bundle/org.tukaani.xz/1.8.0.v20180207-1613/org.tukaani.xz-1.8.0.v20180207-1613.jar,reference:file:C:/Users/Steffi/.m2/repository/p2/osgi/bundle/org.eclipse.help/3.8.200.v20180821-0700/org.eclipse.help-3.8.200.v20180821-0700.jar,reference:file:C:/Users/Steffi/.m2/repository/p2/osgi/bundle/org.eclipse.ltk.core.refactoring/3.9.200.v20181024-1629/org.eclipse.ltk.core.refactoring-3.9.200.v20181024-1629.jar,reference:file:C:/Users/Steffi/.m2/repository/p2/osgi/bundle/org.eclipse.ltk.ui.refactoring/3.9.200.v20180828-0626/org.eclipse.ltk.ui.refactoring-3.9.200.v20180828-0626.jar,reference:file:C:/Users/Steffi/.m2/repository/p2/osgi/bundle/org.eclipse.ui.navigator/3.7.300.v20181016-1531/org.eclipse.ui.navigator-3.7.300.v20181016-1531.jar,reference:file:C:/Users/Steffi/.m2/repository/p2/osgi/bundle/org.eclipse.team.core/3.8.400.v20181109-0825/org.eclipse.team.core-3.8.400.v20181109-0825.jar,reference:file:C:/Users/Steffi/.m2/repository/p2/osgi/bundle/org.eclipse.team.ui/3.8.300.v20181030-1259/org.eclipse.team.ui-3.8.300.v20181030-1259.jar,reference:file:C:/Users/Steffi/.m2/repository/p2/osgi/bundle/org.eclipse.swt.win32.win32.x86_64/3.109.0.v20181204-1801/org.eclipse.swt.win32.win32.x86_64-3.109.0.v20181204-1801.jar,reference:file:C:/Users/Steffi/.m2/repository/p2/osgi/bundle/org.hamcrest.core/1.3.0.v20180420-1519/org.hamcrest.core-1.3.0.v20180420-1519.jar,reference:file:C:/Users/Steffi/.m2/repository/p2/osgi/bundle/org.hamcrest.library/1.3.0.v20180524-2246/org.hamcrest.library-1.3.0.v20180524-2246.jar,reference:file:C:/Users/Steffi/.m2/repository/p2/osgi/bundle/org.eclipse.ui.workbench/3.112.100.v20181127-1518/org.eclipse.ui.workbench-3.112.100.v20181127-1518.jar,reference:file:C:/Users/Steffi/.m2/repository/p2/osgi/bundle/org.eclipse.ui.ide.application/1.3.100.v20181129-0817/org.eclipse.ui.ide.application-1.3.100.v20181129-0817.jar,reference:file:C:/Users/Steffi/.m2/repository/p2/osgi/bundle/org.eclipse.ui.navigator.resources/3.6.300.v20181110-1011/org.eclipse.ui.navigator.resources-3.6.300.v20181110-1011.jar,reference:file:C:/Users/Steffi/.m2/repository/p2/osgi/bundle/org.eclipse.urischeme/1.0.100.v20181204-1430/org.eclipse.urischeme-1.0.100.v20181204-1430.jar,reference:file:C:/Users/Steffi/.m2/repository/p2/osgi/bundle/org.eclipse.ui.views.properties.tabbed/3.8.300.v20180921-1036/org.eclipse.ui.views.properties.tabbed-3.8.300.v20180921-1036.jar,reference:file:C:/Users/Steffi/.m2/repository/p2/osgi/bundle/org.w3c.dom.smil/1.0.1.v200903091627/org.w3c.dom.smil-1.0.1.v200903091627.jar,reference:file:C:/Users/Steffi/.m2/repository/p2/osgi/bundle/org.eclipse.swt.gtk.linux.x86_64/3.109.0.v20181204-1801/org.eclipse.swt.gtk.linux.x86_64-3.109.0.v20181204-1801.jar,reference:file:C:/Users/Steffi/.m2/repository/org/eclipse/tycho/org.eclipse.tycho.surefire.osgibooter/1.5.0/org.eclipse.tycho.surefire.osgibooter-1.5.0.jar,reference:file:C:/Users/Steffi/.m2/repository/org/eclipse/tycho/org.eclipse.tycho.surefire.junit4/1.5.0/org.eclipse.tycho.surefire.junit4-1.5.0.jar"/>
    <property name="osgi.framework.shape" value="jar"/>
    <property name="java.vm.name" value="Java HotSpot(TM) 64-Bit Server VM"/>
    <property name="osgi.framework" value="file:/C:/Users/Steffi/.m2/repository/p2/osgi/bundle/org.eclipse.osgi/3.13.200.v20181130-2106/org.eclipse.osgi-3.13.200.v20181130-2106.jar"/>
    <property name="osgi.configuration.area" value="file:/S:/Development/git/mp3-tagger/de.slothsoft.mp3tagger.testplan/target/work/configuration/"/>
    <property name="osgi.os" value="win32"/>
    <property name="osgi.clean" value="true"/>
    <property name="java.vendor.url.bug" value="http://bugreport.sun.com/bugreport/"/>
    <property name="org.osgi.framework.os.name" value="Windows10"/>
    <property name="org.osgi.supports.framework.extension" value="true"/>
    <property name="applicationXMI" value="org.eclipse.ui.workbench/LegacyIDE.e4xmi"/>
    <property name="org.osgi.framework.storage" value="S:\Development\git\mp3-tagger\de.slothsoft.mp3tagger.testplan\target\work\configuration"/>
    <property name="user.dir" value="S:\Development\git\mp3-tagger\de.slothsoft.mp3tagger.testplan"/>
    <property name="os.arch" value="amd64"/>
    <property name="osgi.ws" value="win32"/>
    <property name="osgi.instance.area" value="file:/S:/Development/git/mp3-tagger/de.slothsoft.mp3tagger.testplan/target/work/data/"/>
    <property name="eclipse.startTime" value="1636275478593"/>
    <property name="org.osgi.framework.os.version" value="10.0.0"/>
    <property name="java.vm.info" value="mixed mode"/>
    <property name="java.vm.version" value="25.161-b12"/>
    <property name="java.ext.dirs" value="C:\Program Files\Java\jdk1.8.0_161\jre\lib\ext;C:\WINDOWS\Sun\Java\lib\ext"/>
    <property name="java.class.version" value="52.0"/>
  </properties>
  <testcase name="testEmpty" classname="de.slothsoft.mp3tagger.testplan.OtherTest" time="0.003"/>
</testsuite>